<?xml version="1.0" encoding="UTF-8"?>
<!-- Generated by org.testng.reporters.JUnitReportReporter -->
<testsuite hostname="TISED-073" failures="0" tests="5" name="testcases.LoginTest" time="105.817" errors="0" timestamp="2024-10-03T19:01:59 IST" skipped="0">
  <testcase classname="testcases.LoginTest" name="verifyInvestorLoginWithoutCredentials" time="14.496"/>
  <testcase classname="testcases.LoginTest" name="verifyInvestorLoginWithoutPasswordCredentials" time="25.550"/>
  <testcase classname="testcases.LoginTest" name="verifyInvestorLoginWithoutEmailCredentials" time="16.851"/>
  <testcase classname="testcases.LoginTest" name="verifyInvestorLoginWithInvalidCredentials" time="19.032"/>
  <testcase classname="testcases.LoginTest" name="verifyInvestorLoginWithvalidCredentials" time="29.888"/>
</testsuite> <!-- testcases.LoginTest -->
